Platanus version: 1.2.4
platanus assemble -o Poil -f sub1.fastq.trimmed sub2.fastq.trimmed 

K = 32, saving kmers from reads...
AVE_READ_LEN=97.5803

KMER_EXTENSION:
K=32, KMER_COVERAGE=159.929 (>= 32), COVERAGE_CUTOFF=32
K=42, KMER_COVERAGE=135.908, COVERAGE_CUTOFF=32, PROB_SPLIT=10e-inf
K=52, KMER_COVERAGE=111.888, COVERAGE_CUTOFF=32, PROB_SPLIT=10e-inf
K=62, KMER_COVERAGE=87.8675, COVERAGE_CUTOFF=32, PROB_SPLIT=10e-10.5903
K=72, KMER_COVERAGE=63.8471, COVERAGE_CUTOFF=18, PROB_SPLIT=10e-10.4194
K=82, KMER_COVERAGE=39.8266, COVERAGE_CUTOFF=6, PROB_SPLIT=10e-10.2768
K=86, KMER_COVERAGE=30.2184, COVERAGE_CUTOFF=2, PROB_SPLIT=10e-10.9303
K=87, KMER_COVERAGE=27.8164, COVERAGE_CUTOFF=2, PROB_SPLIT=10e-10.3198
loading kmers...
connecting kmers...
removing branches...
BRANCH_DELETE_THRESHOLD=0.5
NUM_CUT=66
NUM_CUT=0
TOTAL_NUM_CUT=66
mapping reads on de Bruijn Graph nodes...
TOTAL_MAPPED_READS=8640459
TOTAL_UNMAPPED_READS=944195
TOTAL_SHORT_READS(<32)=41809
NUM_DELETE_NODE(reads are unmapped)=58
NUM_CUT_NODE=17
extracting reads (containing kmer used in contig assemble)...
K = 42, loading kmers from contigs...
K = 42, saving additional kmers(not found in contigs) from reads...
COVERAGE_CUTOFF = 32
loading kmers...
connecting kmers...
removing branches...
BRANCH_DELETE_THRESHOLD=0.5
NUM_CUT=11
NUM_CUT=0
TOTAL_NUM_CUT=11
mapping reads on de Bruijn Graph nodes...
TOTAL_MAPPED_READS=8586925
TOTAL_UNMAPPED_READS=935798
TOTAL_SHORT_READS(<42)=103740
NUM_DELETE_NODE(reads are unmapped)=12
NUM_CUT_NODE=10
extracting reads (containing kmer used in contig assemble)...
K = 52, loading kmers from contigs...
K = 52, saving additional kmers(not found in contigs) from reads...
COVERAGE_CUTOFF = 32
loading kmers...
connecting kmers...
removing branches...
BRANCH_DELETE_THRESHOLD=0.5
NUM_CUT=9
NUM_CUT=0
TOTAL_NUM_CUT=9
mapping reads on de Bruijn Graph nodes...
TOTAL_MAPPED_READS=8527420
TOTAL_UNMAPPED_READS=925587
TOTAL_SHORT_READS(<52)=173456
NUM_DELETE_NODE(reads are unmapped)=9
NUM_CUT_NODE=5
extracting reads (containing kmer used in contig assemble)...
K = 62, loading kmers from contigs...
K = 62, saving additional kmers(not found in contigs) from reads...
COVERAGE_CUTOFF = 32
loading kmers...
connecting kmers...
removing branches...
BRANCH_DELETE_THRESHOLD=0.5
NUM_CUT=12
NUM_CUT=0
TOTAL_NUM_CUT=12
mapping reads on de Bruijn Graph nodes...
TOTAL_MAPPED_READS=8456693
TOTAL_UNMAPPED_READS=909675
TOTAL_SHORT_READS(<62)=260095
NUM_DELETE_NODE(reads are unmapped)=6
NUM_CUT_NODE=7
extracting reads (containing kmer used in contig assemble)...
K = 72, loading kmers from contigs...
K = 72, saving additional kmers(not found in contigs) from reads...
COVERAGE_CUTOFF = 18
loading kmers...
connecting kmers...
removing branches...
BRANCH_DELETE_THRESHOLD=0.5
NUM_CUT=24
NUM_CUT=0
TOTAL_NUM_CUT=24
mapping reads on de Bruijn Graph nodes...
TOTAL_MAPPED_READS=8359782
TOTAL_UNMAPPED_READS=884293
TOTAL_SHORT_READS(<72)=382388
NUM_DELETE_NODE(reads are unmapped)=14
NUM_CUT_NODE=6
extracting reads (containing kmer used in contig assemble)...
K = 82, loading kmers from contigs...
K = 82, saving additional kmers(not found in contigs) from reads...
COVERAGE_CUTOFF = 6
loading kmers...
connecting kmers...
removing branches...
BRANCH_DELETE_THRESHOLD=0.5
NUM_CUT=75
NUM_CUT=0
TOTAL_NUM_CUT=75
mapping reads on de Bruijn Graph nodes...
TOTAL_MAPPED_READS=8210710
TOTAL_UNMAPPED_READS=845422
TOTAL_SHORT_READS(<82)=570331
NUM_DELETE_NODE(reads are unmapped)=29
NUM_CUT_NODE=17
extracting reads (containing kmer used in contig assemble)...
K = 86, loading kmers from contigs...
K = 86, saving additional kmers(not found in contigs) from reads...
COVERAGE_CUTOFF = 2
loading kmers...
connecting kmers...
removing branches...
BRANCH_DELETE_THRESHOLD=0.5
NUM_CUT=224
NUM_CUT=2
NUM_CUT=0
TOTAL_NUM_CUT=226
mapping reads on de Bruijn Graph nodes...
TOTAL_MAPPED_READS=8121913
TOTAL_UNMAPPED_READS=822300
TOTAL_SHORT_READS(<86)=682250
NUM_DELETE_NODE(reads are unmapped)=30
NUM_CUT_NODE=39
extracting reads (containing kmer used in contig assemble)...
K = 87, loading kmers from contigs...
K = 87, saving additional kmers(not found in contigs) from reads...
COVERAGE_CUTOFF = 2
loading kmers...
connecting kmers...
removing branches...
BRANCH_DELETE_THRESHOLD=0.5
NUM_CUT=125
NUM_CUT=1
NUM_CUT=0
TOTAL_NUM_CUT=126
LENGTH_CUTOFF = 174
COVERAGE_CUTOFF = 5
removing erroneous nodes...
NUM_REMOVED_NODES=22
NUM_REMOVED_NODES=4
NUM_REMOVED_NODES=0
TOTAL_NUM_REMOVED_NODES=26
AVE_KMER_COV_REMOVING_BUBBLE=27.7533
removing bubbles...
BUBBLE_IDENTITY_THRESHOLD=0.1
NUM_REMOVED_BUBBLES=0
TOTAL_NUM_REMOVED_BUBBLES=0
mapping reads on de Bruijn Graph nodes...
TOTAL_MAPPED_READS=8094838
TOTAL_UNMAPPED_READS=815795
TOTAL_SHORT_READS(<87)=715830
NUM_DELETE_NODE(reads are unmapped)=0
NUM_CUT_NODE=12
assemble completed!

#### PROCESS INFORMATION ####
VmPeak:          14.188 GByte
VmHWM:            4.649 GByte
