Platanus version: 1.2.4
platanus gap_close -o Poil -c Poil_scaffold.fa -IP1 sub1.fastq.trimmed sub2.fastq.trimmed -OP2 matep1.fastq.int_trimmed matep2.fastq.int_trimmed 

K=32, making hash table...
[PAIR_LIBRARY 1]
mapping reads...
TOTAL_PAIR = 4813231
MAPPED_IN_SAME_CONTIG = 4560025 (0.947394)
estimating insert-size...
PEAK = 244
LOWER_LIMIT (permissible range to estimate AVE_INS)= 61
UPPER_LIMIT (permissible range to estimate AVE_INS)= 427
AVE_INS = 247
SD_INS = 39
mapping reads that cover small gaps...
[PAIR_LIBRARY 2]
mapping reads...
TOTAL_PAIR = 856547
MAPPED_IN_SAME_CONTIG = 643345 (0.751091)
estimating insert-size...
PEAK = 2636
LOWER_LIMIT (permissible range to estimate AVE_INS)= 659
UPPER_LIMIT (permissible range to estimate AVE_INS)= 4613
AVE_INS = 3000
SD_INS = 856
mapping reads that cover small gaps...
making hash table of gaps...
making consensus sequences to close small gaps...
NUM_GAP=76
NUM_CLOSED_GAP=37
[PAIR_LIBRARY 1]
saving reads covering gaps...
loading reads covering gaps...
assembling localized reads...
NUM_GAPS = 39
NUM_NOT_CLOSED_GAPS (too many reads are mapped comapering to coverage)= 1
NUM_CLOSED_GAPS_USING_DE_BRUIJN = 7
NUM_CLOSED_GAPS_USING_OVERLAP_LAYOUT_CONSENSUS = 2
[PAIR_LIBRARY 2]
saving reads covering gaps...
loading reads covering gaps...
assembling localized reads...
NUM_GAPS = 30
NUM_NOT_CLOSED_GAPS (too many reads are mapped comapering to coverage)= 0
NUM_CLOSED_GAPS_USING_DE_BRUIJN = 18
NUM_CLOSED_GAPS_USING_OVERLAP_LAYOUT_CONSENSUS = 3
[ALL LIBRARY]
assembling localized reads...
NUM_GAPS = 9
NUM_NOT_CLOSED_GAPS (too many reads are mapped comapering to coverage)= 1
NUM_CLOSED_GAPS_USING_DE_BRUIJN = 0
NUM_CLOSED_GAPS_USING_OVERLAP_LAYOUT_CONSENSUS = 0
TOTAL_NUM_CLOSED_GAPS = 67
gap_close completed!!

#### PROCESS INFORMATION ####
VmPeak:           0.313 GByte
VmHWM:            0.297 GByte
