Platanus version: 1.2.4
platanus scaffold -o Poil -c Poil_contig.fa -IP1 sub1.fastq.trimmed sub2.fastq.trimmed -OP2 matep1.fastq.int_trimmed matep2.fastq.int_trimmed 

K=32, making hash table...
K=32, making hash table...
CONTIG_AVERAGE_COVERAGE = 234.631
[LIBRARY 1]
mapping reads...
TOTAL_PAIR = 4813231
MAPPED_PAIR = 4640098 (0.96403)
MAPPED_IN_DIFFERENT_CONTIGS = 127136 (0.0264139)
MAPPED_IN_SAME_CONTIG = 4512962 (0.937616)
AVERAGE_COVERAGE = 232.704
[LIBRARY 2]
mapping reads...
TOTAL_PAIR = 856547
MAPPED_PAIR = 691685 (0.807527)
MAPPED_IN_DIFFERENT_CONTIGS = 147216 (0.171871)
MAPPED_IN_SAME_CONTIG = 544469 (0.635656)
AVERAGE_COVERAGE = 39.803
estimating insert-size...
PEAK = 245
LOWER_LIMIT (permissible range to estimate AVE_INS)= 61
UPPER_LIMIT (permissible range to estimate AVE_INS)= 429
AVE_INS = 248
SD_INS = 39
[LIBRARY 1]
AVE_INS = 248, SD_INS = 39
saving overlaps... (LEN_CUTOFF=78)
destructing mapper objects...
[LIBRARY 1]
AVE_INS = 248, SD_INS = 39
linking scaffolds (MIN_LINK = 18)
sorting links in contigID order...
estimating contig distances...
constructing scaffold graph
NUM_REMOVED_OVERLAP_CONTIGS=0 (CONTAINED_HETERO)
TOLERENCE_LEVEL_OF_CONTIG_OVERLAP = 78
linking scaffolds (MIN_LINK = 18)
sorting links in contigID order...
estimating contig distances...
constructing scaffold graph
NUM_REMOVED_BUBBLES=0 (COVERAGE_THRESHOLD)
removing bubbles... (MAX_BUBBLE_IDENTITY = 0.1)
NUM_REMOVED_BUBBLES=0
TOTAL_NUM_REMOVED_BUBBLES=0
removing erroneous edges...
NUM_SPLIT_LINK (not enough mapped pairs)=74
NUM_SPLIT_LINK (not enough mapped pairs)=0
TOTAL_SPLIT_LINK (not enough mapped pairs)=74
scaffolding...
linking scaffolds (MIN_LINK = 18)
sorting links in contigID order...
estimating contig distances...
constructing scaffold graph
NUM_REMOVED_BUBBLES=0 (COVERAGE_THRESHOLD)
removing bubbles... (MAX_BUBBLE_IDENTITY = 0.1)
NUM_REMOVED_BUBBLES=0
TOTAL_NUM_REMOVED_BUBBLES=0
NUM_SPLIT_LINK (not originate from heterozygosity)=0 (COVERAGE_THRESHOLD)
scaffolding...
linking scaffolds (MIN_LINK = 18)
sorting links in contigID order...
estimating contig distances...
constructing scaffold graph
NUM_REMOVED_OVERLAP_CONTIGS=0 (CONTAINED_HETERO)
TOLERENCE_LEVEL_OF_CONTIG_OVERLAP = 117
linking scaffolds (MIN_LINK = 18)
sorting links in contigID order...
estimating contig distances...
constructing scaffold graph
NUM_REMOVED_BUBBLES=0 (COVERAGE_THRESHOLD)
removing bubbles... (MAX_BUBBLE_IDENTITY = 0.1)
NUM_REMOVED_BUBBLES=0
TOTAL_NUM_REMOVED_BUBBLES=0
removing erroneous edges...
NUM_SPLIT_LINK (not enough mapped pairs)=15
NUM_SPLIT_LINK (not enough mapped pairs)=0
TOTAL_SPLIT_LINK (not enough mapped pairs)=15
scaffolding...
linking scaffolds (MIN_LINK = 18)
sorting links in contigID order...
estimating contig distances...
constructing scaffold graph
NUM_REMOVED_BUBBLES=0 (COVERAGE_THRESHOLD)
removing bubbles... (MAX_BUBBLE_IDENTITY = 0.1)
NUM_REMOVED_BUBBLES=0
TOTAL_NUM_REMOVED_BUBBLES=0
NUM_SPLIT_LINK (not originate from heterozygosity)=0 (COVERAGE_THRESHOLD)
scaffolding...
estimating insert-size...
PEAK = 2637
LOWER_LIMIT (permissible range to estimate AVE_INS)= 659
UPPER_LIMIT (permissible range to estimate AVE_INS)= 4615
AVE_INS = 3001
SD_INS = 855
[LIBRARY 2]
AVE_INS = 3001, SD_INS = 855
linking scaffolds (MIN_LINK = 62)
sorting links in contigID order...
estimating contig distances...
constructing scaffold graph
NUM_REMOVED_OVERLAP_CONTIGS=0 (CONTAINED_HETERO)
TOLERENCE_LEVEL_OF_CONTIG_OVERLAP = 1710
linking scaffolds (MIN_LINK = 62)
sorting links in contigID order...
estimating contig distances...
constructing scaffold graph
NUM_REMOVED_BUBBLES=0 (COVERAGE_THRESHOLD)
removing bubbles... (MAX_BUBBLE_IDENTITY = 0.1)
NUM_REMOVED_BUBBLES=0
TOTAL_NUM_REMOVED_BUBBLES=0
removing erroneous edges...
NUM_SPLIT_LINK (not enough mapped pairs)=0
TOTAL_SPLIT_LINK (not enough mapped pairs)=0
deleting edges from repeat contigs...
linking scaffolds (MIN_LINK = 62)
sorting links in contigID order...
estimating contig distances...
constructing scaffold graph
NUM_REMOVED_BUBBLES=0 (COVERAGE_THRESHOLD)
removing bubbles... (MAX_BUBBLE_IDENTITY = 0.1)
NUM_REMOVED_BUBBLES=0
TOTAL_NUM_REMOVED_BUBBLES=0
removing erroneous edges...
NUM_SPLIT_LINK (not enough mapped pairs)=0
TOTAL_SPLIT_LINK (not enough mapped pairs)=0
scaffolding...
linking scaffolds (MIN_LINK = 62)
sorting links in contigID order...
estimating contig distances...
constructing scaffold graph
NUM_REMOVED_BUBBLES=0 (COVERAGE_THRESHOLD)
removing bubbles... (MAX_BUBBLE_IDENTITY = 0.1)
NUM_REMOVED_BUBBLES=0
TOTAL_NUM_REMOVED_BUBBLES=0
NUM_SPLIT_LINK (not originate from heterozygosity)=0 (COVERAGE_THRESHOLD)
scaffolding...
linking scaffolds (MIN_LINK = 62)
sorting links in contigID order...
estimating contig distances...
constructing scaffold graph
NUM_REMOVED_OVERLAP_CONTIGS=0 (CONTAINED_HETERO)
TOLERENCE_LEVEL_OF_CONTIG_OVERLAP = 2565
linking scaffolds (MIN_LINK = 62)
sorting links in contigID order...
estimating contig distances...
constructing scaffold graph
NUM_REMOVED_BUBBLES=0 (COVERAGE_THRESHOLD)
removing bubbles... (MAX_BUBBLE_IDENTITY = 0.1)
NUM_REMOVED_BUBBLES=0
TOTAL_NUM_REMOVED_BUBBLES=0
removing erroneous edges...
NUM_SPLIT_LINK (not enough mapped pairs)=0
TOTAL_SPLIT_LINK (not enough mapped pairs)=0
deleting edges from repeat contigs...
linking scaffolds (MIN_LINK = 62)
sorting links in contigID order...
estimating contig distances...
constructing scaffold graph
NUM_REMOVED_BUBBLES=0 (COVERAGE_THRESHOLD)
removing bubbles... (MAX_BUBBLE_IDENTITY = 0.1)
NUM_REMOVED_BUBBLES=0
TOTAL_NUM_REMOVED_BUBBLES=0
removing erroneous edges...
NUM_SPLIT_LINK (not enough mapped pairs)=0
TOTAL_SPLIT_LINK (not enough mapped pairs)=0
scaffolding...
linking scaffolds (MIN_LINK = 62)
sorting links in contigID order...
estimating contig distances...
constructing scaffold graph
NUM_REMOVED_BUBBLES=0 (COVERAGE_THRESHOLD)
removing bubbles... (MAX_BUBBLE_IDENTITY = 0.1)
NUM_REMOVED_BUBBLES=0
TOTAL_NUM_REMOVED_BUBBLES=0
NUM_SPLIT_LINK (not originate from heterozygosity)=0 (COVERAGE_THRESHOLD)
scaffolding...
[LIBRARY 1]
AVE_INS = 248, SD_INS = 39
linking scaffolds (MIN_LINK = 3)
sorting links in contigID order...
estimating contig distances...
constructing scaffold graph
NUM_REMOVED_OVERLAP_CONTIGS=0 (CONTAINED_HETERO)
TOLERENCE_LEVEL_OF_CONTIG_OVERLAP = 78
linking scaffolds (MIN_LINK = 3)
sorting links in contigID order...
estimating contig distances...
constructing scaffold graph
NUM_REMOVED_BUBBLES=0 (COVERAGE_THRESHOLD)
removing bubbles... (MAX_BUBBLE_IDENTITY = 0.1)
NUM_REMOVED_BUBBLES=0
TOTAL_NUM_REMOVED_BUBBLES=0
removing erroneous edges...
NUM_SPLIT_LINK (not enough mapped pairs)=123
NUM_SPLIT_LINK (not enough mapped pairs)=0
TOTAL_SPLIT_LINK (not enough mapped pairs)=123
deleting edges from repeat contigs...
scaffolding...
linking scaffolds (MIN_LINK = 3)
sorting links in contigID order...
estimating contig distances...
constructing scaffold graph
NUM_REMOVED_BUBBLES=0 (COVERAGE_THRESHOLD)
removing bubbles... (MAX_BUBBLE_IDENTITY = 0.1)
NUM_REMOVED_BUBBLES=0
TOTAL_NUM_REMOVED_BUBBLES=0
NUM_SPLIT_LINK (not originate from heterozygosity)=0 (COVERAGE_THRESHOLD)
scaffolding...
linking scaffolds (MIN_LINK = 3)
sorting links in contigID order...
estimating contig distances...
constructing scaffold graph
NUM_REMOVED_OVERLAP_CONTIGS=0 (CONTAINED_HETERO)
TOLERENCE_LEVEL_OF_CONTIG_OVERLAP = 117
linking scaffolds (MIN_LINK = 3)
sorting links in contigID order...
estimating contig distances...
constructing scaffold graph
NUM_REMOVED_BUBBLES=0 (COVERAGE_THRESHOLD)
removing bubbles... (MAX_BUBBLE_IDENTITY = 0.1)
NUM_REMOVED_BUBBLES=0
TOTAL_NUM_REMOVED_BUBBLES=0
removing erroneous edges...
NUM_SPLIT_LINK (not enough mapped pairs)=15
NUM_SPLIT_LINK (not enough mapped pairs)=0
TOTAL_SPLIT_LINK (not enough mapped pairs)=15
deleting edges from repeat contigs...
scaffolding...
linking scaffolds (MIN_LINK = 3)
sorting links in contigID order...
estimating contig distances...
constructing scaffold graph
NUM_REMOVED_BUBBLES=0 (COVERAGE_THRESHOLD)
removing bubbles... (MAX_BUBBLE_IDENTITY = 0.1)
NUM_REMOVED_BUBBLES=0
TOTAL_NUM_REMOVED_BUBBLES=0
NUM_SPLIT_LINK (not originate from heterozygosity)=0 (COVERAGE_THRESHOLD)
scaffolding...
Library1 PHYSICAL_COVERAGE=294
SUM_SHORT_LIBRARY_PHYSICAL_COVERAGE=294
Library2 PHYSICAL_COVERAGE=553
SUM_LONG_LIBRARY_PHYSICAL_COVERAGE=553
checking erroneous scaffold using long libraries...
spliting low coverage links...
NUM_SPLIT_LINK(low coverage)= 0
[LIBRARY 2]
AVE_INS = 3001, SD_INS = 855
linking scaffolds (MIN_LINK = 3)
sorting links in contigID order...
estimating contig distances...
constructing scaffold graph
NUM_REMOVED_OVERLAP_CONTIGS=1 (CONTAINED_HETERO)
TOLERENCE_LEVEL_OF_CONTIG_OVERLAP = 1710
linking scaffolds (MIN_LINK = 3)
sorting links in contigID order...
estimating contig distances...
constructing scaffold graph
NUM_REMOVED_BUBBLES=0 (COVERAGE_THRESHOLD)
removing bubbles... (MAX_BUBBLE_IDENTITY = 0.1)
NUM_REMOVED_BUBBLES=0
TOTAL_NUM_REMOVED_BUBBLES=0
removing erroneous edges...
NUM_SPLIT_LINK (not enough mapped pairs)=0
TOTAL_SPLIT_LINK (not enough mapped pairs)=0
deleting edges from repeat contigs...
scaffolding...
linking scaffolds (MIN_LINK = 3)
sorting links in contigID order...
estimating contig distances...
constructing scaffold graph
NUM_REMOVED_BUBBLES=0 (COVERAGE_THRESHOLD)
removing bubbles... (MAX_BUBBLE_IDENTITY = 0.1)
NUM_REMOVED_BUBBLES=0
TOTAL_NUM_REMOVED_BUBBLES=0
NUM_SPLIT_LINK (not originate from heterozygosity)=0 (COVERAGE_THRESHOLD)
scaffolding...
linking scaffolds (MIN_LINK = 3)
sorting links in contigID order...
estimating contig distances...
constructing scaffold graph
NUM_REMOVED_OVERLAP_CONTIGS=0 (CONTAINED_HETERO)
TOLERENCE_LEVEL_OF_CONTIG_OVERLAP = 2565
linking scaffolds (MIN_LINK = 3)
sorting links in contigID order...
estimating contig distances...
constructing scaffold graph
NUM_REMOVED_BUBBLES=0 (COVERAGE_THRESHOLD)
removing bubbles... (MAX_BUBBLE_IDENTITY = 0.1)
NUM_REMOVED_BUBBLES=0
TOTAL_NUM_REMOVED_BUBBLES=0
removing erroneous edges...
NUM_SPLIT_LINK (not enough mapped pairs)=0
TOTAL_SPLIT_LINK (not enough mapped pairs)=0
deleting edges from repeat contigs...
scaffolding...
linking scaffolds (MIN_LINK = 3)
sorting links in contigID order...
estimating contig distances...
constructing scaffold graph
NUM_REMOVED_BUBBLES=0 (COVERAGE_THRESHOLD)
removing bubbles... (MAX_BUBBLE_IDENTITY = 0.1)
NUM_REMOVED_BUBBLES=0
TOTAL_NUM_REMOVED_BUBBLES=0
NUM_SPLIT_LINK (not originate from heterozygosity)=0 (COVERAGE_THRESHOLD)
scaffolding...
Library1 PHYSICAL_COVERAGE=294
Library2 PHYSICAL_COVERAGE=553
SUM_SHORT_LIBRARY_PHYSICAL_COVERAGE=847
SUM_LONG_LIBRARY_PHYSICAL_COVERAGE=0
writing scaffold files...
scaffold completed!

#### PROCESS INFORMATION ####
VmPeak:           0.251 GByte
VmHWM:            0.247 GByte
